<?xml version="1.0" encoding="UTF-8"?>
<testExecutions version="1">
  <file path="C:\Projects\US-EPA-CAMD\easey-common\src\check-catalog\check-catalog.service.spec.ts">
    <testCase name="CheckCatalogService [fieldname] [key]" duration="3"/>
    <testCase name="CheckCatalogService [Stack Pipe ID]" duration="0"/>
    <testCase name="CheckCatalogService [ORIS Code]" duration="0"/>
    <testCase name="CheckCatalogService [SystemID]" duration="1"/>
    <testCase name="CheckCatalogService [Stack/Pipe ID]" duration="0"/>
    <testCase name="CheckCatalogService [UNADJUSTED_HRLY_VALUE]" duration="0"/>
    <testCase name="CheckCatalogService [SAMPLE-METHOD]" duration="0"/>
    <testCase name="CheckCatalogService [Children]" duration="1"/>
  </file>
</testExecutions>